  [1m[35m (0.2ms)[0m  [1m[34mSELECT sqlite_version(*)[0m
  [1m[35m (16.7ms)[0m  [1m[35mCREATE TABLE "schema_migrations" ("version" varchar NOT NULL PRIMARY KEY)[0m
  [1m[35m (8.2ms)[0m  [1m[35mCREATE TABLE "ar_internal_metadata" ("key" varchar NOT NULL PRIMARY KEY, "value" varchar, "created_at" datetime NOT NULL, "updated_at" datetime NOT NULL)[0m
  [1m[35m (0.2ms)[0m  [1m[34mSELECT "schema_migrations"."version" FROM "schema_migrations" ORDER BY "schema_migrations"."version" ASC[0m
Migrating to CreateIngredients (20180620181128)
  [1m[35m (0.1ms)[0m  [1m[36mbegin transaction[0m
  [1m[35m (0.8ms)[0m  [1m[35mCREATE TABLE "ingredients" ("id" INTEGER PRIMARY KEY AUTOINCREMENT NOT NULL, "name" varchar, "created_at" datetime NOT NULL, "updated_at" datetime NOT NULL)[0m
  [1m[35mSQL (0.2ms)[0m  [1m[32mINSERT INTO "schema_migrations" ("version") VALUES (?)[0m  [["version", "20180620181128"]]
  [1m[35m (8.7ms)[0m  [1m[36mcommit transaction[0m
Migrating to CreateRecipes (20180620181725)
  [1m[35m (0.1ms)[0m  [1m[36mbegin transaction[0m
  [1m[35m (0.7ms)[0m  [1m[35mCREATE TABLE "recipes" ("id" INTEGER PRIMARY KEY AUTOINCREMENT NOT NULL, "price" integer, "created_at" datetime NOT NULL, "updated_at" datetime NOT NULL)[0m
  [1m[35mSQL (0.2ms)[0m  [1m[32mINSERT INTO "schema_migrations" ("version") VALUES (?)[0m  [["version", "20180620181725"]]
  [1m[35m (11.2ms)[0m  [1m[36mcommit transaction[0m
Migrating to CreateCrusts (20180620181830)
  [1m[35m (0.1ms)[0m  [1m[36mbegin transaction[0m
  [1m[35m (1.4ms)[0m  [1m[35mCREATE TABLE "crusts" ("id" INTEGER PRIMARY KEY AUTOINCREMENT NOT NULL, "type" varchar, "price" integer, "created_at" datetime NOT NULL, "updated_at" datetime NOT NULL)[0m
  [1m[35mSQL (0.2ms)[0m  [1m[32mINSERT INTO "schema_migrations" ("version") VALUES (?)[0m  [["version", "20180620181830"]]
  [1m[35m (7.4ms)[0m  [1m[36mcommit transaction[0m
Migrating to CreatePizzas (20180620182155)
  [1m[35m (0.1ms)[0m  [1m[36mbegin transaction[0m
  [1m[35m (0.3ms)[0m  [1m[35mCREATE TABLE "pizzas" ("id" INTEGER PRIMARY KEY AUTOINCREMENT NOT NULL, "name" varchar, "price" integer, "created_at" datetime NOT NULL, "updated_at" datetime NOT NULL)[0m
  [1m[35mSQL (0.2ms)[0m  [1m[32mINSERT INTO "schema_migrations" ("version") VALUES (?)[0m  [["version", "20180620182155"]]
  [1m[35m (8.9ms)[0m  [1m[36mcommit transaction[0m
Migrating to CreateCustomers (20180620182253)
  [1m[35m (0.1ms)[0m  [1m[36mbegin transaction[0m
  [1m[35m (0.3ms)[0m  [1m[35mCREATE TABLE "customers" ("id" INTEGER PRIMARY KEY AUTOINCREMENT NOT NULL, "name" varchar, "email" varchar, "created_at" datetime NOT NULL, "updated_at" datetime NOT NULL)[0m
  [1m[35mSQL (0.2ms)[0m  [1m[32mINSERT INTO "schema_migrations" ("version") VALUES (?)[0m  [["version", "20180620182253"]]
  [1m[35m (7.1ms)[0m  [1m[36mcommit transaction[0m
Migrating to CreateDeliveryInfos (20180620182344)
  [1m[35m (0.1ms)[0m  [1m[36mbegin transaction[0m
  [1m[35m (0.4ms)[0m  [1m[35mCREATE TABLE "delivery_infos" ("id" INTEGER PRIMARY KEY AUTOINCREMENT NOT NULL, "address1" varchar, "address2" varchar, "phone" integer, "created_at" datetime NOT NULL, "updated_at" datetime NOT NULL)[0m
  [1m[35mSQL (0.3ms)[0m  [1m[32mINSERT INTO "schema_migrations" ("version") VALUES (?)[0m  [["version", "20180620182344"]]
  [1m[35m (7.3ms)[0m  [1m[36mcommit transaction[0m
Migrating to CreateOrders (20180620182421)
  [1m[35m (0.6ms)[0m  [1m[36mbegin transaction[0m
  [1m[35m (0.4ms)[0m  [1m[35mCREATE TABLE "orders" ("id" INTEGER PRIMARY KEY AUTOINCREMENT NOT NULL, "name" varchar, "created_at" datetime NOT NULL, "updated_at" datetime NOT NULL)[0m
  [1m[35mSQL (0.1ms)[0m  [1m[32mINSERT INTO "schema_migrations" ("version") VALUES (?)[0m  [["version", "20180620182421"]]
  [1m[35m (7.6ms)[0m  [1m[36mcommit transaction[0m
  [1m[36mActiveRecord::InternalMetadata Load (0.2ms)[0m  [1m[34mSELECT  "ar_internal_metadata".* FROM "ar_internal_metadata" WHERE "ar_internal_metadata"."key" = ? LIMIT ?[0m  [["key", "environment"], ["LIMIT", 1]]
  [1m[35m (0.1ms)[0m  [1m[36mbegin transaction[0m
  [1m[35mSQL (2.7ms)[0m  [1m[32mINSERT INTO "ar_internal_metadata" ("key", "value", "created_at", "updated_at") VALUES (?, ?, ?, ?)[0m  [["key", "environment"], ["value", "development"], ["created_at", "2018-06-20 18:26:42.370356"], ["updated_at", "2018-06-20 18:26:42.370356"]]
  [1m[35m (8.7ms)[0m  [1m[36mcommit transaction[0m
  [1m[35m (0.2ms)[0m  [1m[34mSELECT "schema_migrations"."version" FROM "schema_migrations" ORDER BY "schema_migrations"."version" ASC[0m
  [1m[35m (0.2ms)[0m  [1m[34mSELECT "schema_migrations"."version" FROM "schema_migrations" ORDER BY "schema_migrations"."version" ASC[0m
Migrating to AddNameToRecipe (20180620182807)
  [1m[35m (0.1ms)[0m  [1m[36mbegin transaction[0m
  [1m[35m (0.9ms)[0m  [1m[35mALTER TABLE "recipes" ADD "name" varchar[0m
  [1m[35mSQL (0.2ms)[0m  [1m[32mINSERT INTO "schema_migrations" ("version") VALUES (?)[0m  [["version", "20180620182807"]]
  [1m[35m (9.2ms)[0m  [1m[36mcommit transaction[0m
Migrating to AddOrderIdToOrder (20180620182854)
  [1m[35m (0.1ms)[0m  [1m[36mbegin transaction[0m
  [1m[35m (0.4ms)[0m  [1m[35mALTER TABLE "orders" ADD "order_id" integer[0m
  [1m[35mSQL (0.2ms)[0m  [1m[32mINSERT INTO "schema_migrations" ("version") VALUES (?)[0m  [["version", "20180620182854"]]
  [1m[35m (9.5ms)[0m  [1m[36mcommit transaction[0m
  [1m[36mActiveRecord::InternalMetadata Load (0.2ms)[0m  [1m[34mSELECT  "ar_internal_metadata".* FROM "ar_internal_metadata" WHERE "ar_internal_metadata"."key" = ? LIMIT ?[0m  [["key", "environment"], ["LIMIT", 1]]
  [1m[35m (0.1ms)[0m  [1m[36mbegin transaction[0m
  [1m[35m (0.1ms)[0m  [1m[36mcommit transaction[0m
  [1m[35m (0.2ms)[0m  [1m[34mSELECT "schema_migrations"."version" FROM "schema_migrations" ORDER BY "schema_migrations"."version" ASC[0m
  [1m[35m (0.3ms)[0m  [1m[34mSELECT "schema_migrations"."version" FROM "schema_migrations" ORDER BY "schema_migrations"."version" ASC[0m
Migrating to CreatePaymentMethods (20180620183326)
  [1m[35m (0.1ms)[0m  [1m[36mbegin transaction[0m
  [1m[35m (0.1ms)[0m  [1m[34mSELECT sqlite_version(*)[0m
  [1m[35m (0.4ms)[0m  [1m[35mCREATE TABLE "payment_methods" ("id" INTEGER PRIMARY KEY AUTOINCREMENT NOT NULL, "type" integer, "created_at" datetime NOT NULL, "updated_at" datetime NOT NULL)[0m
  [1m[35mSQL (0.2ms)[0m  [1m[32mINSERT INTO "schema_migrations" ("version") VALUES (?)[0m  [["version", "20180620183326"]]
  [1m[35m (18.2ms)[0m  [1m[36mcommit transaction[0m
  [1m[36mActiveRecord::InternalMetadata Load (0.2ms)[0m  [1m[34mSELECT  "ar_internal_metadata".* FROM "ar_internal_metadata" WHERE "ar_internal_metadata"."key" = ? LIMIT ?[0m  [["key", "environment"], ["LIMIT", 1]]
  [1m[35m (0.1ms)[0m  [1m[36mbegin transaction[0m
  [1m[35m (0.1ms)[0m  [1m[36mcommit transaction[0m
  [1m[35m (0.1ms)[0m  [1m[34mSELECT "schema_migrations"."version" FROM "schema_migrations" ORDER BY "schema_migrations"."version" ASC[0m
Started GET "/" for 127.0.0.1 at 2018-06-20 14:43:08 -0400
  [1m[35m (0.2ms)[0m  [1m[34mSELECT "schema_migrations"."version" FROM "schema_migrations" ORDER BY "schema_migrations"."version" ASC[0m
Processing by Rails::WelcomeController#index as HTML
  Rendering /home/web/.rvm/gems/ruby-2.4.1/gems/railties-5.1.6/lib/rails/templates/rails/welcome/index.html.erb
  Rendered /home/web/.rvm/gems/ruby-2.4.1/gems/railties-5.1.6/lib/rails/templates/rails/welcome/index.html.erb (13.7ms)
Completed 200 OK in 42ms (Views: 26.9ms | ActiveRecord: 0.0ms)


Started GET "/pizza" for 127.0.0.1 at 2018-06-20 14:43:22 -0400
  
ActionController::RoutingError (No route matches [GET] "/pizza"):
  
actionpack (5.1.6) lib/action_dispatch/middleware/debug_exceptions.rb:63:in `call'
web-console (3.6.2) lib/web_console/middleware.rb:135:in `call_app'
web-console (3.6.2) lib/web_console/middleware.rb:30:in `block in call'
web-console (3.6.2) lib/web_console/middleware.rb:20:in `catch'
web-console (3.6.2) lib/web_console/middleware.rb:20:in `call'
actionpack (5.1.6) lib/action_dispatch/middleware/show_exceptions.rb:31:in `call'
railties (5.1.6) lib/rails/rack/logger.rb:36:in `call_app'
railties (5.1.6) lib/rails/rack/logger.rb:24:in `block in call'
activesupport (5.1.6) lib/active_support/tagged_logging.rb:69:in `block in tagged'
activesupport (5.1.6) lib/active_support/tagged_logging.rb:26:in `tagged'
activesupport (5.1.6) lib/active_support/tagged_logging.rb:69:in `tagged'
railties (5.1.6) lib/rails/rack/logger.rb:24:in `call'
sprockets-rails (3.2.1) lib/sprockets/rails/quiet_assets.rb:13:in `call'
actionpack (5.1.6) lib/action_dispatch/middleware/remote_ip.rb:79:in `call'
actionpack (5.1.6) lib/action_dispatch/middleware/request_id.rb:25:in `call'
rack (2.0.5) lib/rack/method_override.rb:22:in `call'
rack (2.0.5) lib/rack/runtime.rb:22:in `call'
activesupport (5.1.6) lib/active_support/cache/strategy/local_cache_middleware.rb:27:in `call'
actionpack (5.1.6) lib/action_dispatch/middleware/executor.rb:12:in `call'
actionpack (5.1.6) lib/action_dispatch/middleware/static.rb:125:in `call'
rack (2.0.5) lib/rack/sendfile.rb:111:in `call'
railties (5.1.6) lib/rails/engine.rb:522:in `call'
puma (3.11.4) lib/puma/configuration.rb:225:in `call'
puma (3.11.4) lib/puma/server.rb:632:in `handle_request'
puma (3.11.4) lib/puma/server.rb:446:in `process_client'
puma (3.11.4) lib/puma/server.rb:306:in `block in run'
puma (3.11.4) lib/puma/thread_pool.rb:120:in `block in spawn_thread'
Started GET "/pizzas" for 127.0.0.1 at 2018-06-20 14:43:34 -0400
Processing by PizzasController#index as HTML
  Rendering pizzas/index.html.erb within layouts/application
  [1m[36mPizza Load (0.1ms)[0m  [1m[34mSELECT "pizzas".* FROM "pizzas"[0m
  Rendered pizzas/index.html.erb within layouts/application (6.1ms)
Completed 200 OK in 1455ms (Views: 1434.6ms | ActiveRecord: 0.8ms)


Started GET "/pizzas/new" for 127.0.0.1 at 2018-06-20 14:43:42 -0400
Processing by PizzasController#new as HTML
  Rendering pizzas/new.html.erb within layouts/application
  Rendered pizzas/_form.html.erb (92.9ms)
  Rendered pizzas/new.html.erb within layouts/application (94.5ms)
Completed 200 OK in 151ms (Views: 142.2ms | ActiveRecord: 0.5ms)


Started GET "/pizzas/new" for 127.0.0.1 at 2018-06-20 14:47:20 -0400
Processing by PizzasController#new as HTML
  Rendering pizzas/new.html.erb within layouts/application
  Rendered pizzas/_form.html.erb (1.9ms)
  Rendered pizzas/new.html.erb within layouts/application (4.0ms)
Completed 200 OK in 32ms (Views: 31.6ms | ActiveRecord: 0.0ms)


Started GET "/" for 127.0.0.1 at 2018-06-20 14:51:17 -0400
Processing by Rails::WelcomeController#index as HTML
  Rendering /home/web/.rvm/gems/ruby-2.4.1/gems/railties-5.1.6/lib/rails/templates/rails/welcome/index.html.erb
  Rendered /home/web/.rvm/gems/ruby-2.4.1/gems/railties-5.1.6/lib/rails/templates/rails/welcome/index.html.erb (1.6ms)
Completed 200 OK in 4ms (Views: 3.2ms)


Started GET "/deliveryinfos" for 127.0.0.1 at 2018-06-20 14:51:27 -0400
  
ActionController::RoutingError (No route matches [GET] "/deliveryinfos"):
  
actionpack (5.1.6) lib/action_dispatch/middleware/debug_exceptions.rb:63:in `call'
web-console (3.6.2) lib/web_console/middleware.rb:135:in `call_app'
web-console (3.6.2) lib/web_console/middleware.rb:30:in `block in call'
web-console (3.6.2) lib/web_console/middleware.rb:20:in `catch'
web-console (3.6.2) lib/web_console/middleware.rb:20:in `call'
actionpack (5.1.6) lib/action_dispatch/middleware/show_exceptions.rb:31:in `call'
railties (5.1.6) lib/rails/rack/logger.rb:36:in `call_app'
railties (5.1.6) lib/rails/rack/logger.rb:24:in `block in call'
activesupport (5.1.6) lib/active_support/tagged_logging.rb:69:in `block in tagged'
activesupport (5.1.6) lib/active_support/tagged_logging.rb:26:in `tagged'
activesupport (5.1.6) lib/active_support/tagged_logging.rb:69:in `tagged'
railties (5.1.6) lib/rails/rack/logger.rb:24:in `call'
sprockets-rails (3.2.1) lib/sprockets/rails/quiet_assets.rb:13:in `call'
actionpack (5.1.6) lib/action_dispatch/middleware/remote_ip.rb:79:in `call'
actionpack (5.1.6) lib/action_dispatch/middleware/request_id.rb:25:in `call'
rack (2.0.5) lib/rack/method_override.rb:22:in `call'
rack (2.0.5) lib/rack/runtime.rb:22:in `call'
activesupport (5.1.6) lib/active_support/cache/strategy/local_cache_middleware.rb:27:in `call'
actionpack (5.1.6) lib/action_dispatch/middleware/executor.rb:12:in `call'
actionpack (5.1.6) lib/action_dispatch/middleware/static.rb:125:in `call'
rack (2.0.5) lib/rack/sendfile.rb:111:in `call'
railties (5.1.6) lib/rails/engine.rb:522:in `call'
puma (3.11.4) lib/puma/configuration.rb:225:in `call'
puma (3.11.4) lib/puma/server.rb:632:in `handle_request'
puma (3.11.4) lib/puma/server.rb:446:in `process_client'
puma (3.11.4) lib/puma/server.rb:306:in `block in run'
puma (3.11.4) lib/puma/thread_pool.rb:120:in `block in spawn_thread'
Started GET "/delivery_infos" for 127.0.0.1 at 2018-06-20 14:51:57 -0400
Processing by DeliveryInfosController#index as HTML
  Rendering delivery_infos/index.html.erb within layouts/application
  [1m[36mDeliveryInfo Load (0.1ms)[0m  [1m[34mSELECT "delivery_infos".* FROM "delivery_infos"[0m
  Rendered delivery_infos/index.html.erb within layouts/application (18.2ms)
Completed 200 OK in 65ms (Views: 53.6ms | ActiveRecord: 0.9ms)


Started GET "/delivery_infos/new" for 127.0.0.1 at 2018-06-20 14:52:02 -0400
Processing by DeliveryInfosController#new as HTML
  Rendering delivery_infos/new.html.erb within layouts/application
  Rendered delivery_infos/_form.html.erb (3.7ms)
  Rendered delivery_infos/new.html.erb within layouts/application (5.5ms)
Completed 200 OK in 56ms (Views: 50.9ms | ActiveRecord: 0.4ms)


Started POST "/delivery_infos" for 127.0.0.1 at 2018-06-20 14:52:07 -0400
Processing by DeliveryInfosController#create as HTML
  Parameters: {"utf8"=>"✓", "authenticity_token"=>"uJbvRxHejE7TZbRqv7vncXv/VkxUxqPL5DiGcFipj0ZvhJxVrej38+VvmpxRIvEH2kDbZi7A6HuP1HQ70ivaqQ==", "delivery_info"=>{"address1"=>"", "address2"=>"", "phone"=>"345"}, "commit"=>"Create Delivery info"}
  [1m[35m (0.1ms)[0m  [1m[36mbegin transaction[0m
  [1m[35m (0.1ms)[0m  [1m[31mrollback transaction[0m
  Rendering delivery_infos/new.html.erb within layouts/application
  Rendered delivery_infos/_form.html.erb (2.5ms)
  Rendered delivery_infos/new.html.erb within layouts/application (3.7ms)
Completed 200 OK in 104ms (Views: 42.8ms | ActiveRecord: 0.2ms)


Started POST "/delivery_infos" for 127.0.0.1 at 2018-06-20 14:52:25 -0400
Processing by DeliveryInfosController#create as HTML
  Parameters: {"utf8"=>"✓", "authenticity_token"=>"0+/fsAeEiEEFjrxyGiPSEqfRcamw48hSuL1SouU6nF0E/ayiu7Lz/DOEkoT0usRkBm78g8rlg+LTUaDpb7jJsg==", "delivery_info"=>{"address1"=>"ehth", "address2"=>"hrjhy", "phone"=>"345"}, "commit"=>"Create Delivery info"}
  [1m[35m (0.1ms)[0m  [1m[36mbegin transaction[0m
  [1m[35m (0.0ms)[0m  [1m[31mrollback transaction[0m
  Rendering delivery_infos/new.html.erb within layouts/application
  Rendered delivery_infos/_form.html.erb (5.2ms)
  Rendered delivery_infos/new.html.erb within layouts/application (8.8ms)
Completed 200 OK in 73ms (Views: 71.0ms | ActiveRecord: 0.1ms)


Started GET "/" for 127.0.0.1 at 2018-06-20 14:52:47 -0400
Processing by Rails::WelcomeController#index as HTML
  Rendering /home/web/.rvm/gems/ruby-2.4.1/gems/railties-5.1.6/lib/rails/templates/rails/welcome/index.html.erb
  Rendered /home/web/.rvm/gems/ruby-2.4.1/gems/railties-5.1.6/lib/rails/templates/rails/welcome/index.html.erb (1.6ms)
Completed 200 OK in 4ms (Views: 2.8ms | ActiveRecord: 0.0ms)


Started GET "/" for 127.0.0.1 at 2018-06-20 14:58:27 -0400
  [1m[35m (0.3ms)[0m  [1m[34mSELECT "schema_migrations"."version" FROM "schema_migrations" ORDER BY "schema_migrations"."version" ASC[0m
Processing by PizzasController#index as HTML
  Rendering pizzas/index.html.erb within layouts/application
  [1m[36mPizza Load (0.3ms)[0m  [1m[34mSELECT "pizzas".* FROM "pizzas"[0m
  Rendered pizzas/index.html.erb within layouts/application (2.9ms)
Completed 200 OK in 205ms (Views: 191.5ms | ActiveRecord: 0.5ms)


Started GET "/" for 127.0.0.1 at 2018-06-20 15:03:46 -0400
  [1m[35m (0.2ms)[0m  [1m[34mSELECT "schema_migrations"."version" FROM "schema_migrations" ORDER BY "schema_migrations"."version" ASC[0m
Processing by PizzasController#index as HTML
  Rendering pizzas/index.html.erb within layouts/application
  [1m[36mPizza Load (0.2ms)[0m  [1m[34mSELECT "pizzas".* FROM "pizzas"[0m
  Rendered pizzas/index.html.erb within layouts/application (2.9ms)
Completed 500 Internal Server Error in 483ms (ActiveRecord: 0.5ms)


  
ActionView::Template::Error (undefined local variable or method `current_user' for #<#<Class:0x00000002b984b0>:0x00000002b93488>
Did you mean?  current_page?):
    16: 
    17:           <li><a class="button" href="/">Home<span class="sr-only">(current)</span></a></li>
    18:           <li><a class="nav-link" href="/">Categories</a></li>
    19:           <li><%= link_to "Profile", current_user %></li>
    20:           <li><a class="nav-link" href="/">New Project</a></li>
    21:           <li><a class="nav-link" href="/">All Projects</a></li>
    22:           <li><a class="nav-link" href="/">Edit Categories</a></li>
  
app/views/layouts/application.html.erb:19:in `_app_views_layouts_application_html_erb__1026976293677274499_69884324383700'
Started GET "/" for 127.0.0.1 at 2018-06-20 15:04:03 -0400
Processing by PizzasController#index as HTML
  Rendering pizzas/index.html.erb within layouts/application
  [1m[36mPizza Load (0.1ms)[0m  [1m[34mSELECT "pizzas".* FROM "pizzas"[0m
  Rendered pizzas/index.html.erb within layouts/application (4.2ms)
Completed 200 OK in 61ms (Views: 59.4ms | ActiveRecord: 0.5ms)


  [1m[35m (0.2ms)[0m  [1m[34mSELECT "schema_migrations"."version" FROM "schema_migrations" ORDER BY "schema_migrations"."version" ASC[0m
  [1m[36mActiveRecord::InternalMetadata Load (0.3ms)[0m  [1m[34mSELECT  "ar_internal_metadata".* FROM "ar_internal_metadata" WHERE "ar_internal_metadata"."key" = ? LIMIT ?[0m  [["key", "environment"], ["LIMIT", 1]]
  [1m[35m (0.0ms)[0m  [1m[36mbegin transaction[0m
  [1m[35m (0.0ms)[0m  [1m[36mcommit transaction[0m
  [1m[35m (0.1ms)[0m  [1m[34mSELECT "schema_migrations"."version" FROM "schema_migrations" ORDER BY "schema_migrations"."version" ASC[0m
Started GET "/" for 127.0.0.1 at 2018-06-20 15:09:57 -0400
  [1m[35m (0.3ms)[0m  [1m[34mSELECT "schema_migrations"."version" FROM "schema_migrations" ORDER BY "schema_migrations"."version" ASC[0m
Processing by PizzasController#index as HTML
  Rendering pizzas/index.html.erb within layouts/application
  [1m[36mPizza Load (0.2ms)[0m  [1m[34mSELECT "pizzas".* FROM "pizzas"[0m
  Rendered pizzas/index.html.erb within layouts/application (3.4ms)
Completed 200 OK in 2133ms (Views: 2110.0ms | ActiveRecord: 0.5ms)


Started GET "/" for 127.0.0.1 at 2018-06-20 15:10:11 -0400
Processing by PizzasController#index as HTML
  Rendering pizzas/index.html.erb within layouts/application
  [1m[36mPizza Load (0.2ms)[0m  [1m[34mSELECT "pizzas".* FROM "pizzas"[0m
  Rendered pizzas/index.html.erb within layouts/application (1.5ms)
Completed 200 OK in 29ms (Views: 27.5ms | ActiveRecord: 0.2ms)


Started GET "/" for 127.0.0.1 at 2018-06-20 15:10:12 -0400
Processing by PizzasController#index as HTML
  Rendering pizzas/index.html.erb within layouts/application
  [1m[36mPizza Load (0.4ms)[0m  [1m[34mSELECT "pizzas".* FROM "pizzas"[0m
  Rendered pizzas/index.html.erb within layouts/application (5.4ms)
Completed 200 OK in 37ms (Views: 36.0ms | ActiveRecord: 0.4ms)


Started GET "/" for 127.0.0.1 at 2018-06-20 15:10:13 -0400
Processing by PizzasController#index as HTML
  Rendering pizzas/index.html.erb within layouts/application
  [1m[36mPizza Load (0.1ms)[0m  [1m[34mSELECT "pizzas".* FROM "pizzas"[0m
  Rendered pizzas/index.html.erb within layouts/application (1.3ms)
Completed 200 OK in 45ms (Views: 44.2ms | ActiveRecord: 0.1ms)


Started GET "/" for 127.0.0.1 at 2018-06-20 15:12:18 -0400
Processing by PizzasController#index as HTML
  Rendering pizzas/index.html.erb within layouts/application
  [1m[36mPizza Load (0.2ms)[0m  [1m[34mSELECT "pizzas".* FROM "pizzas"[0m
  Rendered pizzas/index.html.erb within layouts/application (2.0ms)
Completed 200 OK in 37ms (Views: 36.0ms | ActiveRecord: 0.2ms)


Started GET "/" for 127.0.0.1 at 2018-06-20 15:12:42 -0400
Processing by PizzasController#index as HTML
  Rendering pizzas/index.html.erb within layouts/application
  [1m[36mPizza Load (0.2ms)[0m  [1m[34mSELECT "pizzas".* FROM "pizzas"[0m
  Rendered pizzas/index.html.erb within layouts/application (1.3ms)
Completed 200 OK in 30ms (Views: 28.8ms | ActiveRecord: 0.2ms)


Started GET "/orders/new" for 127.0.0.1 at 2018-06-20 15:12:47 -0400
Processing by OrdersController#new as HTML
  Rendering orders/new.html.erb within layouts/application
  Rendered orders/_form.html.erb (11.8ms)
  Rendered orders/new.html.erb within layouts/application (13.1ms)
Completed 200 OK in 63ms (Views: 42.7ms | ActiveRecord: 0.7ms)


Started GET "/" for 127.0.0.1 at 2018-06-20 15:12:49 -0400
Processing by PizzasController#index as HTML
  Rendering pizzas/index.html.erb within layouts/application
  [1m[36mPizza Load (0.3ms)[0m  [1m[34mSELECT "pizzas".* FROM "pizzas"[0m
  Rendered pizzas/index.html.erb within layouts/application (4.0ms)
Completed 200 OK in 66ms (Views: 62.9ms | ActiveRecord: 0.3ms)


Started GET "/pizzas/index" for 127.0.0.1 at 2018-06-20 15:12:50 -0400
Processing by PizzasController#show as HTML
  Parameters: {"id"=>"index"}
  [1m[36mPizza Load (0.2ms)[0m  [1m[34mSELECT  "pizzas".* FROM "pizzas" WHERE "pizzas"."id" = ? LIMIT ?[0m  [["id", 0], ["LIMIT", 1]]
Completed 404 Not Found in 31ms (ActiveRecord: 0.6ms)


  
ActiveRecord::RecordNotFound (Couldn't find Pizza with 'id'=index):
  
app/controllers/pizzas_controller.rb:67:in `set_pizza'
Started GET "/pizzas" for 127.0.0.1 at 2018-06-20 15:13:15 -0400
Processing by PizzasController#index as HTML
  Rendering pizzas/index.html.erb within layouts/application
  [1m[36mPizza Load (0.2ms)[0m  [1m[34mSELECT "pizzas".* FROM "pizzas"[0m
  Rendered pizzas/index.html.erb within layouts/application (2.2ms)
Completed 200 OK in 49ms (Views: 47.2ms | ActiveRecord: 0.2ms)


Started GET "/" for 127.0.0.1 at 2018-06-20 15:13:17 -0400
Processing by PizzasController#index as HTML
  Rendering pizzas/index.html.erb within layouts/application
  [1m[36mPizza Load (0.2ms)[0m  [1m[34mSELECT "pizzas".* FROM "pizzas"[0m
  Rendered pizzas/index.html.erb within layouts/application (1.4ms)
Completed 200 OK in 28ms (Views: 27.1ms | ActiveRecord: 0.2ms)


Started GET "/pizzas/index" for 127.0.0.1 at 2018-06-20 15:13:18 -0400
Processing by PizzasController#show as HTML
  Parameters: {"id"=>"index"}
  [1m[36mPizza Load (0.1ms)[0m  [1m[34mSELECT  "pizzas".* FROM "pizzas" WHERE "pizzas"."id" = ? LIMIT ?[0m  [["id", 0], ["LIMIT", 1]]
Completed 404 Not Found in 1ms (ActiveRecord: 0.1ms)


  
ActiveRecord::RecordNotFound (Couldn't find Pizza with 'id'=index):
  
app/controllers/pizzas_controller.rb:67:in `set_pizza'
Started GET "/pizzas/index" for 127.0.0.1 at 2018-06-20 15:15:25 -0400
Processing by PizzasController#show as HTML
  Parameters: {"id"=>"index"}
  [1m[36mPizza Load (0.1ms)[0m  [1m[34mSELECT  "pizzas".* FROM "pizzas" WHERE "pizzas"."id" = ? LIMIT ?[0m  [["id", 0], ["LIMIT", 1]]
Completed 404 Not Found in 1ms (ActiveRecord: 0.1ms)


  
ActiveRecord::RecordNotFound (Couldn't find Pizza with 'id'=index):
  
app/controllers/pizzas_controller.rb:67:in `set_pizza'
Started GET "/" for 127.0.0.1 at 2018-06-20 15:15:31 -0400
Processing by PizzasController#index as HTML
  Rendering pizzas/index.html.erb within layouts/application
  [1m[36mPizza Load (0.4ms)[0m  [1m[34mSELECT "pizzas".* FROM "pizzas"[0m
  Rendered pizzas/index.html.erb within layouts/application (2.1ms)
Completed 200 OK in 51ms (Views: 50.1ms | ActiveRecord: 0.4ms)


Started GET "/" for 127.0.0.1 at 2018-06-20 15:15:33 -0400
Processing by PizzasController#index as HTML
  Rendering pizzas/index.html.erb within layouts/application
  [1m[36mPizza Load (0.2ms)[0m  [1m[34mSELECT "pizzas".* FROM "pizzas"[0m
  Rendered pizzas/index.html.erb within layouts/application (1.8ms)
Completed 200 OK in 35ms (Views: 33.7ms | ActiveRecord: 0.2ms)


Started GET "/pizzas" for 127.0.0.1 at 2018-06-20 15:15:34 -0400
Processing by PizzasController#index as HTML
  Rendering pizzas/index.html.erb within layouts/application
  [1m[36mPizza Load (0.2ms)[0m  [1m[34mSELECT "pizzas".* FROM "pizzas"[0m
  Rendered pizzas/index.html.erb within layouts/application (1.6ms)
Completed 200 OK in 26ms (Views: 24.8ms | ActiveRecord: 0.2ms)


Started GET "/" for 127.0.0.1 at 2018-06-20 15:15:36 -0400
Processing by PizzasController#index as HTML
  Rendering pizzas/index.html.erb within layouts/application
  [1m[36mPizza Load (0.1ms)[0m  [1m[34mSELECT "pizzas".* FROM "pizzas"[0m
  Rendered pizzas/index.html.erb within layouts/application (1.1ms)
Completed 200 OK in 43ms (Views: 42.0ms | ActiveRecord: 0.1ms)


Started GET "/" for 127.0.0.1 at 2018-06-20 15:15:37 -0400
Processing by PizzasController#index as HTML
  Rendering pizzas/index.html.erb within layouts/application
  [1m[36mPizza Load (0.3ms)[0m  [1m[34mSELECT "pizzas".* FROM "pizzas"[0m
  Rendered pizzas/index.html.erb within layouts/application (1.9ms)
Completed 200 OK in 32ms (Views: 31.0ms | ActiveRecord: 0.3ms)


Started GET "/orders/new" for 127.0.0.1 at 2018-06-20 15:15:38 -0400
Processing by OrdersController#new as HTML
  Rendering orders/new.html.erb within layouts/application
  Rendered orders/_form.html.erb (5.9ms)
  Rendered orders/new.html.erb within layouts/application (7.2ms)
Completed 200 OK in 71ms (Views: 69.6ms | ActiveRecord: 0.0ms)


Started GET "/pizzas" for 127.0.0.1 at 2018-06-20 15:15:40 -0400
Processing by PizzasController#index as HTML
  Rendering pizzas/index.html.erb within layouts/application
  [1m[36mPizza Load (0.2ms)[0m  [1m[34mSELECT "pizzas".* FROM "pizzas"[0m
  Rendered pizzas/index.html.erb within layouts/application (8.5ms)
Completed 200 OK in 62ms (Views: 60.4ms | ActiveRecord: 0.2ms)


Started GET "/" for 127.0.0.1 at 2018-06-20 15:15:41 -0400
Processing by PizzasController#index as HTML
  Rendering pizzas/index.html.erb within layouts/application
  [1m[36mPizza Load (0.2ms)[0m  [1m[34mSELECT "pizzas".* FROM "pizzas"[0m
  Rendered pizzas/index.html.erb within layouts/application (1.8ms)
Completed 200 OK in 47ms (Views: 45.8ms | ActiveRecord: 0.2ms)


